[debug] [2023-11-24T09:57:42.646Z] ----------------------------------------------------------------------
[debug] [2023-11-24T09:57:42.648Z] Command:       C:\Program Files\nodejs\node.exe C:\Users\Admin\AppData\Roaming\npm\node_modules\firebase-tools\lib\bin\firebase.js init
[debug] [2023-11-24T09:57:42.648Z] CLI Version:   12.9.1
[debug] [2023-11-24T09:57:42.648Z] Platform:      win32
[debug] [2023-11-24T09:57:42.648Z] Node Version:  v18.17.0
[debug] [2023-11-24T09:57:42.649Z] Time:          Fri Nov 24 2023 15:27:42 GMT+0530 (India Standard Time)
[debug] [2023-11-24T09:57:42.649Z] ----------------------------------------------------------------------
[debug] 
[debug] [2023-11-24T09:57:42.656Z] > command requires scopes: ["email","openid","https://www.googleapis.com/auth/cloudplatformprojects.readonly","https://www.googleapis.com/auth/firebase","https://www.googleapis.com/auth/cloud-platform"]
[debug] [2023-11-24T09:57:42.656Z] > authorizing via signed-in user (vsrivarshith@gmail.com)
[info] 
     ######## #### ########  ######## ########     ###     ######  ########
     ##        ##  ##     ## ##       ##     ##  ##   ##  ##       ##
     ######    ##  ########  ######   ########  #########  ######  ######
     ##        ##  ##    ##  ##       ##     ## ##     ##       ## ##
     ##       #### ##     ## ######## ########  ##     ##  ######  ########

You're about to initialize a Firebase project in this directory:

  C:\Users\Admin\Desktop\ChatApp\chat

[info] 
=== Project Setup
[info] 
[info] First, let's associate this project directory with a Firebase project.
[info] You can create multiple project aliases by running firebase use --add, 
[info] but for now we'll just set up a default project.
[info] 
[debug] [2023-11-24T10:03:46.689Z] > refreshing access token with scopes: []
[debug] [2023-11-24T10:03:46.691Z] >>> [apiv2][query] POST https://www.googleapis.com/oauth2/v3/token [none]
[debug] [2023-11-24T10:03:46.691Z] >>> [apiv2][body] POST https://www.googleapis.com/oauth2/v3/token [omitted]
[debug] [2023-11-24T10:03:47.071Z] <<< [apiv2][status] POST https://www.googleapis.com/oauth2/v3/token 200
[debug] [2023-11-24T10:03:47.071Z] <<< [apiv2][body] POST https://www.googleapis.com/oauth2/v3/token [omitted]
[debug] [2023-11-24T10:03:47.088Z] >>> [apiv2][query] GET https://firebase.googleapis.com/v1beta1/projects pageSize=100
[debug] [2023-11-24T10:03:47.941Z] <<< [apiv2][status] GET https://firebase.googleapis.com/v1beta1/projects 200
[debug] [2023-11-24T10:03:47.941Z] <<< [apiv2][body] GET https://firebase.googleapis.com/v1beta1/projects [omitted]
[info] i  Using project chat-ca9a4 (chat) 
[info] 
=== Database Setup
[info] i  database: ensuring required API firebasedatabase.googleapis.com is enabled... 
[debug] [2023-11-24T10:03:51.913Z] >>> [apiv2][query] GET https://serviceusage.googleapis.com/v1/projects/chat-ca9a4/services/firebasedatabase.googleapis.com [none]
[debug] [2023-11-24T10:03:51.913Z] >>> [apiv2][(partial)header] GET https://serviceusage.googleapis.com/v1/projects/chat-ca9a4/services/firebasedatabase.googleapis.com x-goog-quota-user=projects/chat-ca9a4
[debug] [2023-11-24T10:03:53.652Z] <<< [apiv2][status] GET https://serviceusage.googleapis.com/v1/projects/chat-ca9a4/services/firebasedatabase.googleapis.com 200
[debug] [2023-11-24T10:03:53.652Z] <<< [apiv2][body] GET https://serviceusage.googleapis.com/v1/projects/chat-ca9a4/services/firebasedatabase.googleapis.com [omitted]
[warn] !  database: missing required API firebasedatabase.googleapis.com. Enabling now... 
[debug] [2023-11-24T10:03:53.653Z] >>> [apiv2][query] POST https://serviceusage.googleapis.com/v1/projects/chat-ca9a4/services/firebasedatabase.googleapis.com:enable [none]
[debug] [2023-11-24T10:03:53.653Z] >>> [apiv2][(partial)header] POST https://serviceusage.googleapis.com/v1/projects/chat-ca9a4/services/firebasedatabase.googleapis.com:enable x-goog-quota-user=projects/chat-ca9a4
[debug] [2023-11-24T10:03:55.521Z] <<< [apiv2][status] POST https://serviceusage.googleapis.com/v1/projects/chat-ca9a4/services/firebasedatabase.googleapis.com:enable 200
[debug] [2023-11-24T10:03:55.522Z] <<< [apiv2][body] POST https://serviceusage.googleapis.com/v1/projects/chat-ca9a4/services/firebasedatabase.googleapis.com:enable [omitted]
[debug] [2023-11-24T10:04:05.526Z] >>> [apiv2][query] GET https://serviceusage.googleapis.com/v1/projects/chat-ca9a4/services/firebasedatabase.googleapis.com [none]
[debug] [2023-11-24T10:04:05.526Z] >>> [apiv2][(partial)header] GET https://serviceusage.googleapis.com/v1/projects/chat-ca9a4/services/firebasedatabase.googleapis.com x-goog-quota-user=projects/chat-ca9a4
[debug] [2023-11-24T10:04:07.212Z] <<< [apiv2][status] GET https://serviceusage.googleapis.com/v1/projects/chat-ca9a4/services/firebasedatabase.googleapis.com 200
[debug] [2023-11-24T10:04:07.212Z] <<< [apiv2][body] GET https://serviceusage.googleapis.com/v1/projects/chat-ca9a4/services/firebasedatabase.googleapis.com [omitted]
[info] +  database: required API firebasedatabase.googleapis.com is enabled 
[info] 
[debug] [2023-11-24T10:04:07.218Z] >>> [apiv2][query] GET https://firebase.googleapis.com/v1beta1/projects/chat-ca9a4 [none]
[debug] [2023-11-24T10:04:07.692Z] <<< [apiv2][status] GET https://firebase.googleapis.com/v1beta1/projects/chat-ca9a4 200
[debug] [2023-11-24T10:04:07.693Z] <<< [apiv2][body] GET https://firebase.googleapis.com/v1beta1/projects/chat-ca9a4 {"projectId":"chat-ca9a4","projectNumber":"60379336661","displayName":"chat","name":"projects/chat-ca9a4","resources":{"hostingSite":"chat-ca9a4","storageBucket":"chat-ca9a4.appspot.com","locationId":"us-central"},"state":"ACTIVE","etag":"1_6aad1455-3c97-4f58-aceb-59ecddd8d99c"}
[debug] [2023-11-24T10:04:19.856Z] >>> [apiv2][query] POST https://firebasedatabase.googleapis.com/v1beta/projects/chat-ca9a4/locations/us-central1/instances databaseId=chat-ca9a4-default-rtdb&validateOnly=true
[debug] [2023-11-24T10:04:19.856Z] >>> [apiv2][body] POST https://firebasedatabase.googleapis.com/v1beta/projects/chat-ca9a4/locations/us-central1/instances {"type":"default_database"}
[debug] [2023-11-24T10:04:22.011Z] <<< [apiv2][status] POST https://firebasedatabase.googleapis.com/v1beta/projects/chat-ca9a4/locations/us-central1/instances 200
[debug] [2023-11-24T10:04:22.012Z] <<< [apiv2][body] POST https://firebasedatabase.googleapis.com/v1beta/projects/chat-ca9a4/locations/us-central1/instances {"name":"projects/60379336661/locations/us-central1/instances/chat-ca9a4-default-rtdb","project":"projects/60379336661","databaseUrl":"https://chat-ca9a4-default-rtdb.firebaseio.com","type":"DEFAULT_DATABASE","state":"ACTIVE"}
[debug] [2023-11-24T10:04:22.013Z] >>> [apiv2][query] POST https://firebasedatabase.googleapis.com/v1beta/projects/chat-ca9a4/locations/us-central1/instances databaseId=chat-ca9a4-default-rtdb
[debug] [2023-11-24T10:04:22.013Z] >>> [apiv2][body] POST https://firebasedatabase.googleapis.com/v1beta/projects/chat-ca9a4/locations/us-central1/instances {"type":"default_database"}
[debug] [2023-11-24T10:04:24.182Z] <<< [apiv2][status] POST https://firebasedatabase.googleapis.com/v1beta/projects/chat-ca9a4/locations/us-central1/instances 200
[debug] [2023-11-24T10:04:24.183Z] <<< [apiv2][body] POST https://firebasedatabase.googleapis.com/v1beta/projects/chat-ca9a4/locations/us-central1/instances {"name":"projects/60379336661/locations/us-central1/instances/chat-ca9a4-default-rtdb","project":"projects/60379336661","databaseUrl":"https://chat-ca9a4-default-rtdb.firebaseio.com","type":"DEFAULT_DATABASE","state":"ACTIVE"}
[info] 
[info] Firebase Realtime Database Security Rules allow you to define how your data should be
[info] structured and when your data can be read from and written to.
[info] 
[debug] [2023-11-24T10:04:32.085Z] >>> [apiv2][query] GET https://chat-ca9a4-default-rtdb.firebaseio.com/.settings/rules.json [none]
[debug] [2023-11-24T10:04:33.215Z] <<< [apiv2][status] GET https://chat-ca9a4-default-rtdb.firebaseio.com/.settings/rules.json 200
[debug] [2023-11-24T10:04:33.215Z] <<< [apiv2][body] GET https://chat-ca9a4-default-rtdb.firebaseio.com/.settings/rules.json [stream]
[info] +  Database Rules for chat-ca9a4-default-rtdb have been written to database.rules.json. 
[info] Future modifications to database.rules.json will update Realtime Database Security Rules when you run
[info] firebase deploy.
[info] 
=== Firestore Setup
[debug] [2023-11-24T10:04:33.229Z] >>> [apiv2][query] GET https://serviceusage.googleapis.com/v1/projects/chat-ca9a4/services/firestore.googleapis.com [none]
[debug] [2023-11-24T10:04:33.229Z] >>> [apiv2][(partial)header] GET https://serviceusage.googleapis.com/v1/projects/chat-ca9a4/services/firestore.googleapis.com x-goog-quota-user=projects/chat-ca9a4
[debug] [2023-11-24T10:04:34.884Z] <<< [apiv2][status] GET https://serviceusage.googleapis.com/v1/projects/chat-ca9a4/services/firestore.googleapis.com 200
[debug] [2023-11-24T10:04:34.884Z] <<< [apiv2][body] GET https://serviceusage.googleapis.com/v1/projects/chat-ca9a4/services/firestore.googleapis.com [omitted]
[debug] [2023-11-24T10:04:34.884Z] >>> [apiv2][query] GET https://firestore.googleapis.com/v1/projects/chat-ca9a4/databases/(default) [none]
[debug] [2023-11-24T10:04:36.615Z] <<< [apiv2][status] GET https://firestore.googleapis.com/v1/projects/chat-ca9a4/databases/(default) 200
[debug] [2023-11-24T10:04:36.615Z] <<< [apiv2][body] GET https://firestore.googleapis.com/v1/projects/chat-ca9a4/databases/(default) {"name":"projects/chat-ca9a4/databases/(default)","uid":"7431ebe0-25a2-4097-af2b-b41dfa4a6846","createTime":"2023-11-24T06:40:40.365132Z","updateTime":"2023-11-24T06:40:40.365132Z","locationId":"nam5","type":"FIRESTORE_NATIVE","concurrencyMode":"PESSIMISTIC","versionRetentionPeriod":"3600s","earliestVersionTime":"2023-11-24T09:04:35.826130Z","appEngineIntegrationMode":"ENABLED","keyPrefix":"s","pointInTimeRecoveryEnablement":"POINT_IN_TIME_RECOVERY_DISABLED","deleteProtectionState":"DELETE_PROTECTION_DISABLED","etag":"IPSX+KKx3IIDMLehr9GI3IID"}
[debug] [2023-11-24T10:04:36.615Z] database_type: FIRESTORE_NATIVE
[debug] [2023-11-24T10:04:36.616Z] > command requires scopes: ["email","openid","https://www.googleapis.com/auth/cloudplatformprojects.readonly","https://www.googleapis.com/auth/firebase","https://www.googleapis.com/auth/cloud-platform"]
[debug] [2023-11-24T10:04:36.617Z] > authorizing via signed-in user (vsrivarshith@gmail.com)
[debug] [2023-11-24T10:04:36.617Z] [iam] checking project chat-ca9a4 for permissions ["firebase.projects.get"]
[debug] [2023-11-24T10:04:36.619Z] >>> [apiv2][query] POST https://cloudresourcemanager.googleapis.com/v1/projects/chat-ca9a4:testIamPermissions [none]
[debug] [2023-11-24T10:04:36.619Z] >>> [apiv2][(partial)header] POST https://cloudresourcemanager.googleapis.com/v1/projects/chat-ca9a4:testIamPermissions x-goog-quota-user=projects/chat-ca9a4
[debug] [2023-11-24T10:04:36.620Z] >>> [apiv2][body] POST https://cloudresourcemanager.googleapis.com/v1/projects/chat-ca9a4:testIamPermissions {"permissions":["firebase.projects.get"]}
[debug] [2023-11-24T10:04:38.067Z] <<< [apiv2][status] POST https://cloudresourcemanager.googleapis.com/v1/projects/chat-ca9a4:testIamPermissions 200
[debug] [2023-11-24T10:04:38.067Z] <<< [apiv2][body] POST https://cloudresourcemanager.googleapis.com/v1/projects/chat-ca9a4:testIamPermissions {"permissions":["firebase.projects.get"]}
[info] 
[info] Firestore Security Rules allow you to define how and when to allow
[info] requests. You can keep these rules in your project directory
[info] and publish them with firebase deploy.
[info] 
[debug] [2023-11-24T10:04:39.880Z] >>> [apiv2][query] GET https://firebaserules.googleapis.com/v1/projects/chat-ca9a4/releases pageSize=10&pageToken=
[debug] [2023-11-24T10:04:41.571Z] <<< [apiv2][status] GET https://firebaserules.googleapis.com/v1/projects/chat-ca9a4/releases 200
[debug] [2023-11-24T10:04:41.572Z] <<< [apiv2][body] GET https://firebaserules.googleapis.com/v1/projects/chat-ca9a4/releases {"releases":[{"name":"projects/chat-ca9a4/releases/firebase.storage/chat-ca9a4.appspot.com","rulesetName":"projects/chat-ca9a4/rulesets/cf9c68c1-0893-402a-96b9-4f4c94af7b84","createTime":"2023-11-24T06:41:06.679972Z","updateTime":"2023-11-24T06:41:06.679972Z"}]}
[debug] [2023-11-24T10:04:41.572Z] No rulesets found, using default.
[info] 
[info] Firestore indexes allow you to perform complex queries while
[info] maintaining performance that scales with the size of the result
[info] set. You can keep index definitions in your project directory
[info] and publish them with firebase deploy.
[info] 
[debug] [2023-11-24T10:04:43.004Z] >>> [apiv2][query] GET https://firestore.googleapis.com/v1/projects/chat-ca9a4/databases/(default)/collectionGroups/-/indexes [none]
[debug] [2023-11-24T10:04:43.006Z] >>> [apiv2][query] GET https://firestore.googleapis.com/v1/projects/chat-ca9a4/databases/(default)/collectionGroups/-/fields?filter=indexConfig.usesAncestorConfig=false OR ttlConfig:* [none]
[debug] [2023-11-24T10:04:44.703Z] <<< [apiv2][status] GET https://firestore.googleapis.com/v1/projects/chat-ca9a4/databases/(default)/collectionGroups/-/indexes 200
[debug] [2023-11-24T10:04:44.703Z] <<< [apiv2][body] GET https://firestore.googleapis.com/v1/projects/chat-ca9a4/databases/(default)/collectionGroups/-/indexes {}
[debug] [2023-11-24T10:04:44.726Z] <<< [apiv2][status] GET https://firestore.googleapis.com/v1/projects/chat-ca9a4/databases/(default)/collectionGroups/-/fields?filter=indexConfig.usesAncestorConfig=false OR ttlConfig:* 200
[debug] [2023-11-24T10:04:44.726Z] <<< [apiv2][body] GET https://firestore.googleapis.com/v1/projects/chat-ca9a4/databases/(default)/collectionGroups/-/fields?filter=indexConfig.usesAncestorConfig=false OR ttlConfig:* {"fields":[{"name":"projects/chat-ca9a4/databases/(default)/collectionGroups/__default__/fields/*","indexConfig":{"indexes":[{"queryScope":"COLLECTION","fields":[{"fieldPath":"*","order":"ASCENDING"}],"state":"READY"},{"queryScope":"COLLECTION","fields":[{"fieldPath":"*","order":"DESCENDING"}],"state":"READY"},{"queryScope":"COLLECTION","fields":[{"fieldPath":"*","arrayConfig":"CONTAINS"}],"state":"READY"}]}}]}
[info] 
=== Functions Setup
[debug] [2023-11-24T10:04:44.731Z] > command requires scopes: ["email","openid","https://www.googleapis.com/auth/cloudplatformprojects.readonly","https://www.googleapis.com/auth/firebase","https://www.googleapis.com/auth/cloud-platform"]
[debug] [2023-11-24T10:04:44.731Z] > authorizing via signed-in user (vsrivarshith@gmail.com)
[debug] [2023-11-24T10:04:44.731Z] [iam] checking project chat-ca9a4 for permissions ["firebase.projects.get"]
[debug] [2023-11-24T10:04:44.732Z] >>> [apiv2][query] POST https://cloudresourcemanager.googleapis.com/v1/projects/chat-ca9a4:testIamPermissions [none]
[debug] [2023-11-24T10:04:44.732Z] >>> [apiv2][(partial)header] POST https://cloudresourcemanager.googleapis.com/v1/projects/chat-ca9a4:testIamPermissions x-goog-quota-user=projects/chat-ca9a4
[debug] [2023-11-24T10:04:44.732Z] >>> [apiv2][body] POST https://cloudresourcemanager.googleapis.com/v1/projects/chat-ca9a4:testIamPermissions {"permissions":["firebase.projects.get"]}
[debug] [2023-11-24T10:04:46.084Z] <<< [apiv2][status] POST https://cloudresourcemanager.googleapis.com/v1/projects/chat-ca9a4:testIamPermissions 200
[debug] [2023-11-24T10:04:46.084Z] <<< [apiv2][body] POST https://cloudresourcemanager.googleapis.com/v1/projects/chat-ca9a4:testIamPermissions {"permissions":["firebase.projects.get"]}
[debug] [2023-11-24T10:04:46.084Z] >>> [apiv2][query] GET https://serviceusage.googleapis.com/v1/projects/chat-ca9a4/services/cloudfunctions.googleapis.com [none]
[debug] [2023-11-24T10:04:46.084Z] >>> [apiv2][(partial)header] GET https://serviceusage.googleapis.com/v1/projects/chat-ca9a4/services/cloudfunctions.googleapis.com x-goog-quota-user=projects/chat-ca9a4
[debug] [2023-11-24T10:04:46.086Z] >>> [apiv2][query] GET https://serviceusage.googleapis.com/v1/projects/chat-ca9a4/services/runtimeconfig.googleapis.com [none]
[debug] [2023-11-24T10:04:46.086Z] >>> [apiv2][(partial)header] GET https://serviceusage.googleapis.com/v1/projects/chat-ca9a4/services/runtimeconfig.googleapis.com x-goog-quota-user=projects/chat-ca9a4
[debug] [2023-11-24T10:04:47.766Z] <<< [apiv2][status] GET https://serviceusage.googleapis.com/v1/projects/chat-ca9a4/services/cloudfunctions.googleapis.com 200
[debug] [2023-11-24T10:04:47.766Z] <<< [apiv2][body] GET https://serviceusage.googleapis.com/v1/projects/chat-ca9a4/services/cloudfunctions.googleapis.com [omitted]
[debug] [2023-11-24T10:04:47.766Z] >>> [apiv2][query] POST https://serviceusage.googleapis.com/v1/projects/chat-ca9a4/services/cloudfunctions.googleapis.com:enable [none]
[debug] [2023-11-24T10:04:47.766Z] >>> [apiv2][(partial)header] POST https://serviceusage.googleapis.com/v1/projects/chat-ca9a4/services/cloudfunctions.googleapis.com:enable x-goog-quota-user=projects/chat-ca9a4
[debug] [2023-11-24T10:04:49.062Z] <<< [apiv2][status] GET https://serviceusage.googleapis.com/v1/projects/chat-ca9a4/services/runtimeconfig.googleapis.com 200
[debug] [2023-11-24T10:04:49.063Z] <<< [apiv2][body] GET https://serviceusage.googleapis.com/v1/projects/chat-ca9a4/services/runtimeconfig.googleapis.com [omitted]
[debug] [2023-11-24T10:04:49.582Z] <<< [apiv2][status] POST https://serviceusage.googleapis.com/v1/projects/chat-ca9a4/services/cloudfunctions.googleapis.com:enable 200
[debug] [2023-11-24T10:04:49.582Z] <<< [apiv2][body] POST https://serviceusage.googleapis.com/v1/projects/chat-ca9a4/services/cloudfunctions.googleapis.com:enable [omitted]
[debug] [2023-11-24T10:04:59.589Z] >>> [apiv2][query] GET https://serviceusage.googleapis.com/v1/projects/chat-ca9a4/services/cloudfunctions.googleapis.com [none]
[debug] [2023-11-24T10:04:59.589Z] >>> [apiv2][(partial)header] GET https://serviceusage.googleapis.com/v1/projects/chat-ca9a4/services/cloudfunctions.googleapis.com x-goog-quota-user=projects/chat-ca9a4
[debug] [2023-11-24T10:05:01.249Z] <<< [apiv2][status] GET https://serviceusage.googleapis.com/v1/projects/chat-ca9a4/services/cloudfunctions.googleapis.com 200
[debug] [2023-11-24T10:05:01.250Z] <<< [apiv2][body] GET https://serviceusage.googleapis.com/v1/projects/chat-ca9a4/services/cloudfunctions.googleapis.com [omitted]
[info] Let's create a new codebase for your functions.
[info] A directory corresponding to the codebase will be created in your project
[info] with sample code pre-configured.

[info] See https://firebase.google.com/docs/functions/organize-functions for
[info] more information on organizing your functions using codebases.

[info] Functions can be deployed with firebase deploy.

[info] +  Wrote functions/package.json 
[info] +  Wrote functions/.eslintrc.js 
[info] +  Wrote functions/index.js 
[info] +  Wrote functions/.gitignore 
[info] 
=== Hosting Setup
[debug] [2023-11-24T10:05:59.501Z] >>> [apiv2][query] GET https://firebase.googleapis.com/v1beta1/projects/chat-ca9a4 [none]
[debug] [2023-11-24T10:06:00.022Z] <<< [apiv2][status] GET https://firebase.googleapis.com/v1beta1/projects/chat-ca9a4 200
[debug] [2023-11-24T10:06:00.022Z] <<< [apiv2][body] GET https://firebase.googleapis.com/v1beta1/projects/chat-ca9a4 {"projectId":"chat-ca9a4","projectNumber":"60379336661","displayName":"chat","name":"projects/chat-ca9a4","resources":{"hostingSite":"chat-ca9a4","realtimeDatabaseInstance":"chat-ca9a4-default-rtdb","storageBucket":"chat-ca9a4.appspot.com","locationId":"us-central"},"state":"ACTIVE","etag":"1_6aad1455-3c97-4f58-aceb-59ecddd8d99c"}
[info] 
[info] Your public directory is the folder (relative to your project directory) that
[info] will contain Hosting assets to be uploaded with firebase deploy. If you
[info] have a build process for your assets, use your build's output directory.
[info] 
[debug] [2023-11-24T10:06:19.365Z] >>> [apiv2][query] GET https://www.gstatic.com/firebasejs/releases.json [none]
[debug] [2023-11-24T10:06:19.631Z] <<< [apiv2][status] GET https://www.gstatic.com/firebasejs/releases.json 200
[debug] [2023-11-24T10:06:19.631Z] <<< [apiv2][body] GET https://www.gstatic.com/firebasejs/releases.json {"current":{"version":"10.6.0","browserURL":"https://www.gstatic.com/firebasejs/10.6.0/firebase.js","packageURL":"https://www.gstatic.com/firebasejs/10.6.0/firebase.tgz"},"live":{"version":"10.6","browserURL":"https://www.gstatic.com/firebasejs/live/10.6/firebase.js","packageURL":"https://www.gstatic.com/firebasejs/live/10.6/firebase.tgz"},"components":{"analytics":"https://www.gstatic.com/firebasejs/10.6.0/firebase-analytics.js","app":"https://www.gstatic.com/firebasejs/10.6.0/firebase-app.js","app-check":"https://www.gstatic.com/firebasejs/10.6.0/firebase-app-check.js","auth":"https://www.gstatic.com/firebasejs/10.6.0/firebase-auth.js","auth/cordova":"https://www.gstatic.com/firebasejs/10.6.0/firebase-auth/cordova.js","functions":"https://www.gstatic.com/firebasejs/10.6.0/firebase-functions.js","firestore":"https://www.gstatic.com/firebasejs/10.6.0/firebase-firestore.js","firestore/lite":"https://www.gstatic.com/firebasejs/10.6.0/firebase-firestore/lite.js","installations":"https://www.gstatic.com/firebasejs/10.6.0/firebase-installations.js","storage":"https://www.gstatic.com/firebasejs/10.6.0/firebase-storage.js","performance":"https://www.gstatic.com/firebasejs/10.6.0/firebase-performance.js","remote-config":"https://www.gstatic.com/firebasejs/10.6.0/firebase-remote-config.js","messaging":"https://www.gstatic.com/firebasejs/10.6.0/firebase-messaging.js","messaging/sw":"https://www.gstatic.com/firebasejs/10.6.0/firebase-messaging/sw.js","database":"https://www.gstatic.com/firebasejs/10.6.0/firebase-database.js","firestore.memory":"https://www.gstatic.com/firebasejs/10.6.0/firebase-firestore.memory.js"}}
[info] +  Wrote public/index.html 
[info] 
[info] i  Detected a .git folder at C:\Users\Admin\Desktop\ChatApp 
[info] i  Authorizing with GitHub to upload your service account to a GitHub repository's secrets store. 
[info] 
[info] Visit this URL on this device to log in:
[info] https://github.com/login/oauth/authorize?client_id=89cf50f02ac6aaed3484&state=564053688&redirect_uri=http%3A%2F%2Flocalhost%3A9005&scope=read%3Auser%20repo%20public_repo
[info] 
[info] Waiting for authentication...
[debug] [2023-11-24T10:06:24.730Z] >>> [apiv2][query] POST https://github.com/login/oauth/access_token [none]
[debug] [2023-11-24T10:06:24.730Z] >>> [apiv2][body] POST https://github.com/login/oauth/access_token [stream]
[debug] [2023-11-24T10:06:25.218Z] <<< [apiv2][status] POST https://github.com/login/oauth/access_token 200
[debug] [2023-11-24T10:06:25.218Z] <<< [apiv2][body] POST https://github.com/login/oauth/access_token {"access_token":"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","token_type":"bearer","scope":"read:user,repo"}
[debug] [2023-11-24T10:06:25.224Z] >>> [apiv2][query] GET https://api.github.com/user [none]
[debug] [2023-11-24T10:06:25.708Z] <<< [apiv2][status] GET https://api.github.com/user 200
[debug] [2023-11-24T10:06:25.708Z] <<< [apiv2][body] GET https://api.github.com/user {"login":"srivarshithdaladuli","id":44353450,"node_id":"MDQ6VXNlcjQ0MzUzNDUw","avatar_url":"https://avatars.githubusercontent.com/u/44353450?v=4","gravatar_id":"","url":"https://api.github.com/users/srivarshithdaladuli","html_url":"https://github.com/srivarshithdaladuli","followers_url":"https://api.github.com/users/srivarshithdaladuli/followers","following_url":"https://api.github.com/users/srivarshithdaladuli/following{/other_user}","gists_url":"https://api.github.com/users/srivarshithdaladuli/gists{/gist_id}","starred_url":"https://api.github.com/users/srivarshithdaladuli/starred{/owner}{/repo}","subscriptions_url":"https://api.github.com/users/srivarshithdaladuli/subscriptions","organizations_url":"https://api.github.com/users/srivarshithdaladuli/orgs","repos_url":"https://api.github.com/users/srivarshithdaladuli/repos","events_url":"https://api.github.com/users/srivarshithdaladuli/events{/privacy}","received_events_url":"https://api.github.com/users/srivarshithdaladuli/received_events","type":"User","site_admin":false,"name":"Srivarshith Daladuli","company":"@Qodeit","blog":"srivarshithdaladuli.space","location":"Hyderabad","email":null,"hireable":null,"bio":"Python | Machine Learning | Full Stack Developer","twitter_username":"SrivarshithD","public_repos":30,"public_gists":0,"followers":7,"following":23,"created_at":"2018-10-22T03:16:06Z","updated_at":"2023-11-24T08:02:46Z","private_gists":2,"total_private_repos":3,"owned_private_repos":3,"disk_usage":43229,"collaborators":0,"two_factor_authentication":true,"plan":{"name":"pro","space":976562499,"collaborators":0,"private_repos":9999}}
[info] 
[info] +  Success! Logged into GitHub as srivarshithdaladuli 
[info] 
